<?xml version="1.0" encoding="UTF-8"?>
<testng-results skipped="0" failed="0" total="21" passed="21">
  <reporter-output>
  </reporter-output>
  <suite name="TestAll" duration-ms="2182" started-at="2016-04-18T15:43:47Z" finished-at="2016-04-18T15:43:49Z">
    <groups>
    </groups>
    <test name="Test" duration-ms="2182" started-at="2016-04-18T15:43:47Z" finished-at="2016-04-18T15:43:49Z">
      <class name="test.code.AllTests">
        <test-method status="PASS" signature="test01()[pri:0, instance:test.code.AllTests@50cbc42f]" name="test01" duration-ms="1274" started-at="2016-04-18T18:43:47Z" finished-at="2016-04-18T18:43:48Z">
          <reporter-output>
          </reporter-output>
        </test-method> <!-- test01 -->
        <test-method status="PASS" signature="test01err()[pri:0, instance:test.code.AllTests@50cbc42f]" name="test01err" duration-ms="2" started-at="2016-04-18T18:43:48Z" finished-at="2016-04-18T18:43:48Z">
          <reporter-output>
          </reporter-output>
        </test-method> <!-- test01err -->
        <test-method status="PASS" signature="test02()[pri:0, instance:test.code.AllTests@50cbc42f]" name="test02" duration-ms="89" started-at="2016-04-18T18:43:48Z" finished-at="2016-04-18T18:43:48Z">
          <reporter-output>
          </reporter-output>
        </test-method> <!-- test02 -->
        <test-method status="PASS" signature="test02err()[pri:0, instance:test.code.AllTests@50cbc42f]" name="test02err" duration-ms="1" started-at="2016-04-18T18:43:48Z" finished-at="2016-04-18T18:43:48Z">
          <reporter-output>
          </reporter-output>
        </test-method> <!-- test02err -->
        <test-method status="PASS" signature="test03()[pri:0, instance:test.code.AllTests@50cbc42f]" name="test03" duration-ms="69" started-at="2016-04-18T18:43:48Z" finished-at="2016-04-18T18:43:48Z">
          <reporter-output>
          </reporter-output>
        </test-method> <!-- test03 -->
        <test-method status="PASS" signature="test03err()[pri:0, instance:test.code.AllTests@50cbc42f]" name="test03err" duration-ms="2" started-at="2016-04-18T18:43:48Z" finished-at="2016-04-18T18:43:48Z">
          <reporter-output>
          </reporter-output>
        </test-method> <!-- test03err -->
        <test-method status="PASS" signature="test04()[pri:0, instance:test.code.AllTests@50cbc42f]" name="test04" duration-ms="120" started-at="2016-04-18T18:43:48Z" finished-at="2016-04-18T18:43:48Z">
          <reporter-output>
          </reporter-output>
        </test-method> <!-- test04 -->
        <test-method status="PASS" signature="test05()[pri:0, instance:test.code.AllTests@50cbc42f]" name="test05" duration-ms="45" started-at="2016-04-18T18:43:48Z" finished-at="2016-04-18T18:43:48Z">
          <reporter-output>
          </reporter-output>
        </test-method> <!-- test05 -->
        <test-method status="PASS" signature="test05err()[pri:0, instance:test.code.AllTests@50cbc42f]" name="test05err" duration-ms="1" started-at="2016-04-18T18:43:48Z" finished-at="2016-04-18T18:43:48Z">
          <reporter-output>
          </reporter-output>
        </test-method> <!-- test05err -->
        <test-method status="PASS" signature="test06()[pri:0, instance:test.code.AllTests@50cbc42f]" name="test06" duration-ms="22" started-at="2016-04-18T18:43:48Z" finished-at="2016-04-18T18:43:48Z">
          <reporter-output>
          </reporter-output>
        </test-method> <!-- test06 -->
        <test-method status="PASS" signature="test07()[pri:0, instance:test.code.AllTests@50cbc42f]" name="test07" duration-ms="45" started-at="2016-04-18T18:43:48Z" finished-at="2016-04-18T18:43:48Z">
          <reporter-output>
          </reporter-output>
        </test-method> <!-- test07 -->
        <test-method status="PASS" signature="test08()[pri:0, instance:test.code.AllTests@50cbc42f]" name="test08" duration-ms="43" started-at="2016-04-18T18:43:48Z" finished-at="2016-04-18T18:43:48Z">
          <reporter-output>
          </reporter-output>
        </test-method> <!-- test08 -->
        <test-method status="PASS" signature="test09()[pri:0, instance:test.code.AllTests@50cbc42f]" name="test09" duration-ms="35" started-at="2016-04-18T18:43:48Z" finished-at="2016-04-18T18:43:48Z">
          <reporter-output>
          </reporter-output>
        </test-method> <!-- test09 -->
        <test-method status="PASS" signature="test10()[pri:0, instance:test.code.AllTests@50cbc42f]" name="test10" duration-ms="51" started-at="2016-04-18T18:43:48Z" finished-at="2016-04-18T18:43:49Z">
          <reporter-output>
          </reporter-output>
        </test-method> <!-- test10 -->
        <test-method status="PASS" signature="test11()[pri:0, instance:test.code.AllTests@50cbc42f]" name="test11" duration-ms="20" started-at="2016-04-18T18:43:49Z" finished-at="2016-04-18T18:43:49Z">
          <reporter-output>
          </reporter-output>
        </test-method> <!-- test11 -->
        <test-method status="PASS" signature="test12()[pri:0, instance:test.code.AllTests@50cbc42f]" name="test12" duration-ms="19" started-at="2016-04-18T18:43:49Z" finished-at="2016-04-18T18:43:49Z">
          <reporter-output>
          </reporter-output>
        </test-method> <!-- test12 -->
        <test-method status="PASS" signature="test13()[pri:0, instance:test.code.AllTests@50cbc42f]" name="test13" duration-ms="7" started-at="2016-04-18T18:43:49Z" finished-at="2016-04-18T18:43:49Z">
          <reporter-output>
          </reporter-output>
        </test-method> <!-- test13 -->
        <test-method status="PASS" signature="test14()[pri:0, instance:test.code.AllTests@50cbc42f]" name="test14" duration-ms="86" started-at="2016-04-18T18:43:49Z" finished-at="2016-04-18T18:43:49Z">
          <reporter-output>
          </reporter-output>
        </test-method> <!-- test14 -->
        <test-method status="PASS" signature="test15()[pri:0, instance:test.code.AllTests@50cbc42f]" name="test15" duration-ms="73" started-at="2016-04-18T18:43:49Z" finished-at="2016-04-18T18:43:49Z">
          <reporter-output>
          </reporter-output>
        </test-method> <!-- test15 -->
        <test-method status="PASS" signature="test16()[pri:0, instance:test.code.AllTests@50cbc42f]" name="test16" duration-ms="117" started-at="2016-04-18T18:43:49Z" finished-at="2016-04-18T18:43:49Z">
          <reporter-output>
          </reporter-output>
        </test-method> <!-- test16 -->
        <test-method status="PASS" signature="test17()[pri:0, instance:test.code.AllTests@50cbc42f]" name="test17" duration-ms="42" started-at="2016-04-18T18:43:49Z" finished-at="2016-04-18T18:43:49Z">
          <reporter-output>
          </reporter-output>
        </test-method> <!-- test17 -->
      </class> <!-- test.code.AllTests -->
    </test> <!-- Test -->
  </suite> <!-- TestAll -->
</testng-results>
