<?xml version="1.0" encoding="UTF-8"?>
<!-- Generated by org.testng.reporters.JUnitXMLReporter -->
<testsuite hostname="DESKTOP-VPJRIR3" name="Default test" tests="21" failures="0" timestamp="26 Apr 2016 13:31:13 GMT" time="2.45" errors="0">
  <testcase name="test01" time="1.455" classname="test.code.AllTests"/>
  <testcase name="test01err" time="0.003" classname="test.code.AllTests"/>
  <testcase name="test02" time="0.096" classname="test.code.AllTests"/>
  <testcase name="test02err" time="0.003" classname="test.code.AllTests"/>
  <testcase name="test03" time="0.07" classname="test.code.AllTests"/>
  <testcase name="test03err" time="0.003" classname="test.code.AllTests"/>
  <testcase name="test04" time="0.127" classname="test.code.AllTests"/>
  <testcase name="test05" time="0.052" classname="test.code.AllTests"/>
  <testcase name="test05err" time="0.003" classname="test.code.AllTests"/>
  <testcase name="test06" time="0.024" classname="test.code.AllTests"/>
  <testcase name="test07" time="0.048" classname="test.code.AllTests"/>
  <testcase name="test08" time="0.043" classname="test.code.AllTests"/>
  <testcase name="test09" time="0.037" classname="test.code.AllTests"/>
  <testcase name="test10" time="0.056" classname="test.code.AllTests"/>
  <testcase name="test11" time="0.018" classname="test.code.AllTests"/>
  <testcase name="test12" time="0.019" classname="test.code.AllTests"/>
  <testcase name="test13" time="0.008" classname="test.code.AllTests"/>
  <testcase name="test14" time="0.1" classname="test.code.AllTests"/>
  <testcase name="test15" time="0.082" classname="test.code.AllTests"/>
  <testcase name="test16" time="0.114" classname="test.code.AllTests"/>
  <testcase name="test17" time="0.051" classname="test.code.AllTests"/>
</testsuite> <!-- Default test -->
